2025 Activity at 2025-01-03T11:18:43: Refactor data preprocessing for distributed training
2025 Activity at 2025-01-03T12:24:03: Add comprehensive integration tests for core modules
2025 Activity at 2025-01-03T13:01:41: Add comprehensive integration tests for core modules
2025 Activity at 2025-01-03T19:09:25: Refactor data preprocessing for distributed training
2025 Activity at 2025-01-03T10:04:04: Implement adaptive learning rate scheduling
2025 Activity at 2025-01-03T12:14:18: Implement adaptive learning rate scheduling
2025 Activity at 2025-01-03T10:36:19: Benchmark inference throughput on latest hardware
2025 Activity at 2025-01-03T15:46:54: Refactor data preprocessing for distributed training
2025 Activity at 2025-01-03T09:45:48: Address feedback from technical design review
2025 Activity at 2025-01-03T14:38:27: Sync with latest upstream repository updates
2025 Activity at 2025-01-03T16:51:04: Improve model serialization for edge deployment
2025 Activity at 2025-01-03T14:28:53: Fix bug in backpropagation for custom layers
2025 Activity at 2025-01-06T09:48:52: Sync with latest upstream repository updates
2025 Activity at 2025-01-06T09:14:48: Implement adaptive learning rate scheduling
2025 Activity at 2025-01-06T17:33:01: Fix bug in backpropagation for custom layers
2025 Activity at 2025-01-06T19:40:13: Update documentation for new LLMOps features
2025 Activity at 2025-01-06T10:23:53: Add support for multimodal models in inference engine
2025 Activity at 2025-01-06T10:58:09: Optimize neural network performance for production workloads
2025 Activity at 2025-01-06T14:04:37: Optimize memory management for large-scale inference
2025 Activity at 2025-01-06T13:40:49: Fix concurrency issue in the data ingestion pipeline
2025 Activity at 2025-01-06T09:35:07: Implement adaptive learning rate scheduling
2025 Activity at 2025-01-06T17:31:20: Optimize memory management for large-scale inference
2025 Activity at 2025-01-06T09:37:32: Fix concurrency issue in the data ingestion pipeline
2025 Activity at 2025-01-06T18:58:29: Add comprehensive integration tests for core modules
2025 Activity at 2025-01-07T15:54:12: Initial prototype for agentic workflow integration
2025 Activity at 2025-01-07T10:11:45: Update dependencies to 2025 stable versions
2025 Activity at 2025-01-07T12:35:52: Add support for multimodal models in inference engine
2025 Activity at 2025-01-07T15:07:28: Update dependencies to 2025 stable versions
2025 Activity at 2025-01-07T12:56:47: Add support for distributed training across clusters
2025 Activity at 2025-01-07T17:02:34: Optimize neural network performance for production workloads
2025 Activity at 2025-01-08T16:56:04: Update documentation for new LLMOps features
2025 Activity at 2025-01-08T18:31:17: Clean up legacy code and improve modularity
2025 Activity at 2025-01-08T16:52:48: Enhance real-time monitoring for model drift
2025 Activity at 2025-01-08T15:01:41: Benchmark inference throughput on latest hardware
2025 Activity at 2025-01-08T19:54:11: Update README with 2025 performance benchmarks
2025 Activity at 2025-01-08T16:28:45: Fix bug in backpropagation for custom layers
2025 Activity at 2025-01-08T19:10:10: Update documentation for new LLMOps features
2025 Activity at 2025-01-09T15:04:12: Improve model serialization for edge deployment
2025 Activity at 2025-01-09T19:28:41: Update README with 2025 performance benchmarks
2025 Activity at 2025-01-09T17:27:03: Sync with latest upstream repository updates
