2024 Activity at 2024-01-03T17:50:25: Address code review feedback from the senior team
2024 Activity at 2024-01-03T17:45:44: Benchmark inference latency across multiple devices
2024 Activity at 2024-01-03T11:25:49: Address code review feedback from the senior team
2024 Activity at 2024-01-04T15:47:06: Benchmark inference latency across multiple devices
2024 Activity at 2024-01-04T14:29:27: Refactor data loading pipeline for higher throughput
2024 Activity at 2024-01-04T15:42:29: Improve model serialization and loading efficiency
2024 Activity at 2024-01-04T19:51:54: Implement early stopping logic in the training loop
2024 Activity at 2024-01-04T15:14:02: Address code review feedback from the senior team
2024 Activity at 2024-01-04T14:55:19: Fix potential race condition in the data pipeline
2024 Activity at 2024-01-04T13:50:07: Fix bug in loss function calculation for edge cases
2024 Activity at 2024-01-04T09:13:51: Improve model serialization and loading efficiency
2024 Activity at 2024-01-04T11:09:38: Clean up unused variables and deprecated functions
2024 Activity at 2024-01-04T11:49:58: Fix potential race condition in the data pipeline
2024 Activity at 2024-01-04T14:21:17: Benchmark inference latency across multiple devices
2024 Activity at 2024-01-04T14:55:21: Implement early stopping logic in the training loop
2024 Activity at 2024-01-05T09:32:43: Implement early stopping logic in the training loop
2024 Activity at 2024-01-05T16:17:29: Improve model serialization and loading efficiency
2024 Activity at 2024-01-05T17:41:30: Improve model serialization and loading efficiency
2024 Activity at 2024-01-05T16:14:04: Benchmark inference latency across multiple devices
2024 Activity at 2024-01-05T12:00:52: Initial prototype for feature extraction in real-time
2024 Activity at 2024-01-05T11:41:52: Clean up unused variables and deprecated functions
2024 Activity at 2024-01-05T17:55:52: Address code review feedback from the senior team
2024 Activity at 2024-01-08T14:44:52: Implement early stopping logic in the training loop
2024 Activity at 2024-01-08T15:53:08: Improve model serialization and loading efficiency
2024 Activity at 2024-01-09T14:43:11: Initial prototype for feature extraction in real-time
2024 Activity at 2024-01-09T11:51:16: Fix bug in loss function calculation for edge cases
2024 Activity at 2024-01-10T18:22:52: Fix bug in loss function calculation for edge cases
2024 Activity at 2024-01-10T11:25:15: Clean up unused variables and deprecated functions
2024 Activity at 2024-01-10T18:54:22: Add support for multi-GPU training via DDP
2024 Activity at 2024-01-10T10:07:40: Initial prototype for feature extraction in real-time
2024 Activity at 2024-01-10T10:36:14: Clean up unused variables and deprecated functions
2024 Activity at 2024-01-10T17:33:48: Fix bug in loss function calculation for edge cases
2024 Activity at 2024-01-10T15:03:22: Improve model serialization and loading efficiency
2024 Activity at 2024-01-10T13:33:50: Clean up unused variables and deprecated functions
2024 Activity at 2024-01-10T11:58:10: Improve documentation for REST API endpoints
2024 Activity at 2024-01-10T10:16:35: Address code review feedback from the senior team
2024 Activity at 2024-01-10T17:36:43: Fix bug in loss function calculation for edge cases
2024 Activity at 2024-01-10T14:15:50: Improve documentation for REST API endpoints
2024 Activity at 2024-01-22T09:10:42: Improve model serialization and loading efficiency
2024 Activity at 2024-01-22T15:53:26: Improve documentation for REST API endpoints
2024 Activity at 2024-01-22T18:03:28: Enhance logging for debugging production-level issues
2024 Activity at 2024-01-24T12:25:14: Update README with latest performance benchmarks
2024 Activity at 2024-01-24T18:05:10: Add support for transformer-based models in inference
2024 Activity at 2024-01-24T18:57:20: Improve documentation for REST API endpoints
2024 Activity at 2024-01-24T15:45:21: Update dependencies to latest stable versions (2024)
2024 Activity at 2024-01-24T15:20:38: Sync with upstream repository changes and updates
2024 Activity at 2024-01-24T15:04:21: Improve documentation for REST API endpoints
2024 Activity at 2024-01-24T13:53:17: Optimize neural network architecture for better performance
2024 Activity at 2024-01-24T17:00:15: Improve documentation for REST API endpoints
2024 Activity at 2024-01-25T18:15:18: Optimize GPU memory allocation for large models
2024 Activity at 2024-01-25T09:47:36: Sync with upstream repository changes and updates
2024 Activity at 2024-01-25T11:39:49: Clean up unused variables and deprecated functions
2024 Activity at 2024-01-25T19:43:37: Refactor data loading pipeline for higher throughput
2024 Activity at 2024-01-25T10:02:51: Optimize neural network architecture for better performance
2024 Activity at 2024-01-25T16:11:20: Optimize neural network architecture for better performance
2024 Activity at 2024-01-25T10:53:26: Update README with latest performance benchmarks
2024 Activity at 2024-01-25T19:06:19: Optimize GPU memory allocation for large models
2024 Activity at 2024-01-25T17:58:04: Implement early stopping logic in the training loop
2024 Activity at 2024-01-26T15:49:13: Fix potential race condition in the data pipeline
2024 Activity at 2024-01-26T18:24:25: Add comprehensive unit tests for core ML modules
2024 Activity at 2024-01-26T11:06:56: Refactor data loading pipeline for higher throughput
2024 Activity at 2024-01-26T18:22:42: Implement early stopping logic in the training loop
2024 Activity at 2024-01-26T17:10:45: Merge feature branch into main for the next release
2024 Activity at 2024-01-26T11:19:59: Fix potential race condition in the data pipeline
2024 Activity at 2024-01-30T19:05:59: Implement early stopping logic in the training loop
2024 Activity at 2024-01-30T09:51:03: Add support for transformer-based models in inference
2024 Activity at 2024-01-30T18:52:13: Add support for transformer-based models in inference
2024 Activity at 2024-01-30T14:54:54: Optimize GPU memory allocation for large models
2024 Activity at 2024-01-30T19:14:15: Add support for multi-GPU training via DDP
2024 Activity at 2024-01-30T18:58:42: Implement early stopping logic in the training loop
2024 Activity at 2024-02-01T10:23:39: Optimize GPU memory allocation for large models
2024 Activity at 2024-02-01T10:20:29: Update dependencies to latest stable versions (2024)
2024 Activity at 2024-02-01T13:48:02: Update README with latest performance benchmarks
2024 Activity at 2024-02-02T12:15:04: Add comprehensive unit tests for core ML modules
2024 Activity at 2024-02-02T09:10:50: Refactor data loading pipeline for higher throughput
2024 Activity at 2024-02-02T12:41:15: Improve model serialization and loading efficiency
2024 Activity at 2024-02-02T15:46:57: Improve model serialization and loading efficiency
