2023 Activity at 2023-01-04T09:54:58: Fix bug in loss function calculation
2023 Activity at 2023-01-04T10:54:04: Sync with upstream repository changes
2023 Activity at 2023-01-04T16:12:18: Clean up unused variables and functions
2023 Activity at 2023-01-04T12:23:10: Add support for multi-GPU training
2023 Activity at 2023-01-04T11:30:26: Improve model serialization and loading
2023 Activity at 2023-01-05T19:49:05: Optimize GPU memory allocation
2023 Activity at 2023-01-05T14:10:16: Initial prototype for feature extraction
2023 Activity at 2023-01-05T17:25:21: Add support for multi-GPU training
2023 Activity at 2023-01-06T15:56:13: Optimize GPU memory allocation
2023 Activity at 2023-01-06T11:49:34: Update README with new performance metrics
2023 Activity at 2023-01-06T11:06:15: Optimize GPU memory allocation
2023 Activity at 2023-01-06T18:44:18: Add support for multi-GPU training
2023 Activity at 2023-01-06T19:33:27: Fix bug in loss function calculation
2023 Activity at 2023-01-06T10:19:38: Optimize GPU memory allocation
2023 Activity at 2023-01-12T17:44:41: Clean up unused variables and functions
2023 Activity at 2023-01-12T15:23:45: Optimize neural network architecture
2023 Activity at 2023-01-12T19:36:40: Address code review feedback
2023 Activity at 2023-01-12T11:13:45: Enhance logging for debugging production issues
2023 Activity at 2023-01-12T12:04:15: Merge feature branch into main
2023 Activity at 2023-01-12T16:44:41: Fix bug in loss function calculation
2023 Activity at 2023-01-12T16:08:03: Sync with upstream repository changes
2023 Activity at 2023-01-13T19:09:26: Add support for transformer-based models
2023 Activity at 2023-01-13T15:46:29: Address code review feedback
2023 Activity at 2023-01-13T10:37:53: Update dependencies to latest stable versions
2023 Activity at 2023-01-17T14:40:41: Update README with new performance metrics
2023 Activity at 2023-01-17T15:04:13: Refactor data loader for faster training
2023 Activity at 2023-01-17T15:13:18: Fix bug in loss function calculation
2023 Activity at 2023-01-18T13:35:33: Sync with upstream repository changes
2023 Activity at 2023-01-18T11:18:51: Merge feature branch into main
2023 Activity at 2023-01-18T10:09:57: Sync with upstream repository changes
2023 Activity at 2023-01-18T17:06:13: Update dependencies to latest stable versions
