Robust Activity at 2023-01-02T13:43:49: Add support for multi-GPU training
Robust Activity at 2023-01-02T10:40:32: Benchmark inference latency across devices
Robust Activity at 2023-01-02T10:14:15: Merge feature branch into main
Robust Activity at 2023-01-02T18:58:07: Update README with new performance metrics
Robust Activity at 2023-01-04T15:35:35: Benchmark inference latency across devices
Robust Activity at 2023-01-04T12:59:35: Add unit tests for core modules
Robust Activity at 2023-01-04T11:50:13: Enhance logging for debugging production issues
Robust Activity at 2023-01-09T16:09:19: Fix race condition in data pipeline
Robust Activity at 2023-01-09T10:12:09: Clean up unused variables and functions
Robust Activity at 2023-01-09T10:38:52: Enhance logging for debugging production issues
Robust Activity at 2023-01-09T15:14:35: Fix bug in loss function calculation
Robust Activity at 2023-01-09T09:37:53: Update dependencies to latest stable versions
Robust Activity at 2023-01-11T09:06:58: Update README with new performance metrics
Robust Activity at 2023-01-11T11:30:46: Implement early stopping in training loop
Robust Activity at 2023-01-11T14:47:56: Fix bug in loss function calculation
Robust Activity at 2023-01-12T12:57:31: Address code review feedback
Robust Activity at 2023-01-12T12:30:29: Update README with new performance metrics
Robust Activity at 2023-01-17T17:42:47: Merge feature branch into main
Robust Activity at 2023-01-17T16:48:03: Enhance logging for debugging production issues
Robust Activity at 2023-01-17T18:44:20: Enhance logging for debugging production issues
Robust Activity at 2023-01-18T17:12:16: Clean up unused variables and functions
Robust Activity at 2023-01-18T11:43:58: Update README with new performance metrics
Robust Activity at 2023-01-18T16:50:14: Improve model serialization and loading
Robust Activity at 2023-01-20T18:28:20: Add support for transformer-based models
Robust Activity at 2023-01-20T09:19:52: Update README with new performance metrics
Robust Activity at 2023-01-20T09:09:55: Fix race condition in data pipeline
Robust Activity at 2023-01-23T09:58:11: Initial prototype for feature extraction
Robust Activity at 2023-01-23T14:55:30: Improve documentation for API endpoints
Robust Activity at 2023-01-24T12:13:37: Refactor data loader for faster training
Robust Activity at 2023-01-24T13:10:15: Fix bug in loss function calculation
Robust Activity at 2023-01-24T09:27:37: Sync with upstream repository changes
Robust Activity at 2023-01-24T16:08:52: Refactor data loader for faster training
Robust Activity at 2023-01-24T16:58:01: Improve model serialization and loading
Robust Activity at 2023-01-25T09:55:39: Initial prototype for feature extraction
Robust Activity at 2023-01-25T14:36:52: Benchmark inference latency across devices
Robust Activity at 2023-01-25T10:51:33: Update README with new performance metrics
Robust Activity at 2023-01-25T14:37:33: Enhance logging for debugging production issues
Robust Activity at 2023-01-26T09:35:14: Add support for multi-GPU training
Robust Activity at 2023-01-26T17:34:05: Improve documentation for API endpoints
Robust Activity at 2023-01-26T13:46:48: Add unit tests for core modules
Robust Activity at 2023-01-26T16:21:30: Enhance logging for debugging production issues
Robust Activity at 2023-01-31T13:02:07: Address code review feedback
Robust Activity at 2023-01-31T09:26:09: Add support for transformer-based models
Robust Activity at 2023-01-31T12:43:28: Sync with upstream repository changes
Robust Activity at 2023-01-31T12:34:48: Benchmark inference latency across devices
Robust Activity at 2023-01-31T12:12:39: Add support for transformer-based models
Robust Activity at 2023-02-01T15:27:30: Improve model serialization and loading
Robust Activity at 2023-02-01T10:45:55: Improve documentation for API endpoints
Robust Activity at 2023-02-01T14:59:38: Merge feature branch into main
Robust Activity at 2023-02-01T18:14:18: Enhance logging for debugging production issues
Robust Activity at 2023-02-03T13:32:11: Fix bug in loss function calculation
Robust Activity at 2023-02-03T18:52:23: Merge feature branch into main
Robust Activity at 2023-02-03T13:10:49: Add support for transformer-based models
Robust Activity at 2023-02-03T16:32:30: Benchmark inference latency across devices
Robust Activity at 2023-02-03T10:43:11: Optimize neural network architecture
Robust Activity at 2023-02-03T09:14:29: Benchmark inference latency across devices
Robust Activity at 2023-02-06T17:56:52: Refactor data loader for faster training
Robust Activity at 2023-02-06T15:46:46: Refactor data loader for faster training
Robust Activity at 2023-02-06T14:50:04: Address code review feedback
Robust Activity at 2023-02-06T09:07:18: Refactor data loader for faster training
Robust Activity at 2023-02-14T16:57:46: Fix bug in loss function calculation
Robust Activity at 2023-02-14T09:40:22: Fix race condition in data pipeline
Robust Activity at 2023-02-15T13:55:31: Fix bug in loss function calculation
Robust Activity at 2023-02-15T16:52:07: Implement early stopping in training loop
Robust Activity at 2023-02-17T16:23:39: Fix race condition in data pipeline
Robust Activity at 2023-02-17T18:05:03: Improve documentation for API endpoints
Robust Activity at 2023-02-17T15:51:22: Initial prototype for feature extraction
Robust Activity at 2023-02-20T10:20:16: Sync with upstream repository changes
Robust Activity at 2023-02-20T10:12:45: Improve documentation for API endpoints
Robust Activity at 2023-02-20T09:04:41: Update dependencies to latest stable versions
Robust Activity at 2023-02-20T17:44:47: Add support for multi-GPU training
Robust Activity at 2023-02-20T14:18:41: Fix bug in loss function calculation
Robust Activity at 2023-02-27T10:52:36: Add support for multi-GPU training
Robust Activity at 2023-02-27T13:09:07: Clean up unused variables and functions
Robust Activity at 2023-02-27T12:35:46: Improve model serialization and loading
Robust Activity at 2023-03-07T16:29:20: Improve documentation for API endpoints
Robust Activity at 2023-03-07T18:28:01: Initial prototype for feature extraction
Robust Activity at 2023-03-07T14:32:02: Improve documentation for API endpoints
Robust Activity at 2023-03-07T11:56:24: Refactor data loader for faster training
